============================================================
DANN resolution-adversarial training of CLIP-EBC (ViT-B/16)
============================================================
[[97mINFO[0m] [[96m__main__[0m] Using device: cuda:0
Missing keys: []
Unexpected keys: ['proj']
All keys matched successfully.
Initialized model with text prompts: ['There is no person.', 'There is one person.', 'There are two people.', 'There are three people.', 'There are more than four people.']
[[97mINFO[0m] [[96msrc.models.clip_ebc[0m] Loaded pretrained weights from /dtu/blackhole/0a/224426/best_mae.pth
[[97mINFO[0m] [[96m__main__[0m] Training on 3109 images, 389 batches/epoch
[[97mINFO[0m] [[96m__main__[0m] DANN config: dann_weight=1.0, down_scales=[2, 4, 8]
[[97mINFO[0m] [[96m__main__[0m] Discriminator: hidden_dim=256, dropout=0.5, lr=0.0001
[[97mINFO[0m] [[96m__main__[0m] Run directory: results/dann/2026-04-28_19-41-33
[[97mINFO[0m] [[96m__main__[0m] Epoch   1/50 | loss=69.8870 task=68.5012 domain=1.3858 alpha=0.100 | MAE=86.86 RMSE=405.36
[[92mSUCCESS[0m] [[96m__main__[0m] [92m Saved best model [90mMAE=86.86[0m[0m
[[97mINFO[0m] [[96m__main__[0m] Epoch   2/50 | loss=66.4420 task=65.0658 domain=1.3762 alpha=0.197 | MAE=98.53 RMSE=459.50
[[97mINFO[0m] [[96m__main__[0m] Epoch   3/50 | loss=67.6445 task=66.3311 domain=1.3135 alpha=0.291 | MAE=69.07 RMSE=327.37
[[92mSUCCESS[0m] [[96m__main__[0m] [92m Saved best model [90mMAE=69.07[0m[0m
[[97mINFO[0m] [[96m__main__[0m] Epoch   4/50 | loss=67.0784 task=65.8950 domain=1.1833 alpha=0.380 | MAE=82.00 RMSE=414.30
[[97mINFO[0m] [[96m__main__[0m] Epoch   5/50 | loss=62.4619 task=61.4276 domain=1.0343 alpha=0.462 | MAE=81.56 RMSE=405.85
[[97mINFO[0m] [[96m__main__[0m] Epoch   6/50 | loss=65.1041 task=64.1813 domain=0.9228 alpha=0.537 | MAE=68.58 RMSE=332.65
[[92mSUCCESS[0m] [[96m__main__[0m] [92m Saved best model [90mMAE=68.58[0m[0m
[[97mINFO[0m] [[96m__main__[0m] Epoch   7/50 | loss=61.3461 task=60.4891 domain=0.8570 alpha=0.604 | MAE=70.91 RMSE=320.50
[[97mINFO[0m] [[96m__main__[0m] Epoch   8/50 | loss=62.7082 task=61.9097 domain=0.7985 alpha=0.664 | MAE=62.01 RMSE=273.94
[[92mSUCCESS[0m] [[96m__main__[0m] [92m Saved best model [90mMAE=62.01[0m[0m
[[97mINFO[0m] [[96m__main__[0m] Epoch   9/50 | loss=62.9118 task=62.1083 domain=0.8036 alpha=0.716 | MAE=71.43 RMSE=319.81
[[97mINFO[0m] [[96m__main__[0m] Epoch  10/50 | loss=63.6232 task=62.8516 domain=0.7716 alpha=0.762 | MAE=64.38 RMSE=316.80
[[97mINFO[0m] [[96m__main__[0m] Epoch  11/50 | loss=64.4967 task=63.7718 domain=0.7248 alpha=0.800 | MAE=79.31 RMSE=417.92
[[97mINFO[0m] [[96m__main__[0m] Epoch  12/50 | loss=62.8483 task=62.1262 domain=0.7221 alpha=0.834 | MAE=71.36 RMSE=332.85
[[97mINFO[0m] [[96m__main__[0m] Epoch  13/50 | loss=63.9023 task=63.1668 domain=0.7355 alpha=0.862 | MAE=67.45 RMSE=285.06
[[97mINFO[0m] [[96m__main__[0m] Epoch  14/50 | loss=59.4990 task=58.7589 domain=0.7401 alpha=0.885 | MAE=67.12 RMSE=312.45
[[97mINFO[0m] [[96m__main__[0m] Epoch  15/50 | loss=63.0157 task=62.2642 domain=0.7516 alpha=0.905 | MAE=68.40 RMSE=317.63
[[97mINFO[0m] [[96m__main__[0m] Epoch  16/50 | loss=62.1898 task=61.4280 domain=0.7619 alpha=0.922 | MAE=67.82 RMSE=304.84
[[97mINFO[0m] [[96m__main__[0m] Epoch  17/50 | loss=59.8670 task=59.1189 domain=0.7481 alpha=0.935 | MAE=56.13 RMSE=206.49
[[92mSUCCESS[0m] [[96m__main__[0m] [92m Saved best model [90mMAE=56.13[0m[0m
[[97mINFO[0m] [[96m__main__[0m] Epoch  18/50 | loss=63.7636 task=63.0523 domain=0.7113 alpha=0.947 | MAE=63.42 RMSE=321.20
[[97mINFO[0m] [[96m__main__[0m] Epoch  19/50 | loss=64.9081 task=64.1705 domain=0.7376 alpha=0.956 | MAE=59.84 RMSE=306.15
[[97mINFO[0m] [[96m__main__[0m] Epoch  20/50 | loss=61.9969 task=61.2861 domain=0.7109 alpha=0.964 | MAE=66.01 RMSE=352.14
[[97mINFO[0m] [[96m__main__[0m] Epoch  21/50 | loss=63.3219 task=62.6120 domain=0.7099 alpha=0.970 | MAE=65.65 RMSE=348.47
[[97mINFO[0m] [[96m__main__[0m] Epoch  22/50 | loss=61.8182 task=61.0755 domain=0.7428 alpha=0.976 | MAE=59.16 RMSE=250.78
[[97mINFO[0m] [[96m__main__[0m] Epoch  23/50 | loss=60.7064 task=59.9675 domain=0.7389 alpha=0.980 | MAE=60.69 RMSE=334.46
[[97mINFO[0m] [[96m__main__[0m] Epoch  24/50 | loss=61.6734 task=60.9690 domain=0.7044 alpha=0.984 | MAE=65.16 RMSE=308.69
[[97mINFO[0m] [[96m__main__[0m] Epoch  25/50 | loss=66.5126 task=65.7953 domain=0.7173 alpha=0.987 | MAE=59.30 RMSE=254.30
[[97mINFO[0m] [[96m__main__[0m] Epoch  26/50 | loss=59.6510 task=58.9093 domain=0.7417 alpha=0.989 | MAE=68.36 RMSE=355.34
[[97mINFO[0m] [[96m__main__[0m] Epoch  27/50 | loss=59.5678 task=58.8278 domain=0.7399 alpha=0.991 | MAE=61.45 RMSE=267.10
[[97mINFO[0m] [[96m__main__[0m] Epoch  28/50 | loss=59.2677 task=58.5147 domain=0.7530 alpha=0.993 | MAE=59.59 RMSE=279.33
[[97mINFO[0m] [[96m__main__[0m] Epoch  29/50 | loss=57.2787 task=56.5345 domain=0.7442 alpha=0.994 | MAE=64.63 RMSE=362.17
[[97mINFO[0m] [[96m__main__[0m] Epoch  30/50 | loss=60.0690 task=59.3113 domain=0.7577 alpha=0.995 | MAE=63.69 RMSE=315.91
[[97mINFO[0m] [[96m__main__[0m] Epoch  31/50 | loss=63.6845 task=62.8999 domain=0.7846 alpha=0.996 | MAE=64.77 RMSE=298.42
[[97mINFO[0m] [[96m__main__[0m] Epoch  32/50 | loss=57.9869 task=57.2127 domain=0.7741 alpha=0.997 | MAE=54.86 RMSE=262.73
[[92mSUCCESS[0m] [[96m__main__[0m] [92m Saved best model [90mMAE=54.86[0m[0m
[[97mINFO[0m] [[96m__main__[0m] Epoch  33/50 | loss=60.5766 task=59.7916 domain=0.7850 alpha=0.997 | MAE=61.20 RMSE=282.67
[[97mINFO[0m] [[96m__main__[0m] Epoch  34/50 | loss=59.8240 task=59.0365 domain=0.7876 alpha=0.998 | MAE=60.71 RMSE=287.20
[[97mINFO[0m] [[96m__main__[0m] Epoch  35/50 | loss=60.0132 task=59.2174 domain=0.7958 alpha=0.998 | MAE=66.68 RMSE=328.77
[[97mINFO[0m] [[96m__main__[0m] Epoch  36/50 | loss=62.6507 task=61.8163 domain=0.8344 alpha=0.999 | MAE=56.21 RMSE=289.30
[[97mINFO[0m] [[96m__main__[0m] Epoch  37/50 | loss=60.8409 task=59.9987 domain=0.8422 alpha=0.999 | MAE=54.14 RMSE=250.59
[[92mSUCCESS[0m] [[96m__main__[0m] [92m Saved best model [90mMAE=54.14[0m[0m
[[97mINFO[0m] [[96m__main__[0m] Epoch  38/50 | loss=61.3654 task=60.5248 domain=0.8406 alpha=0.999 | MAE=65.35 RMSE=329.38
[[97mINFO[0m] [[96m__main__[0m] Epoch  39/50 | loss=58.4967 task=57.6653 domain=0.8314 alpha=0.999 | MAE=57.18 RMSE=248.93
[[97mINFO[0m] [[96m__main__[0m] Epoch  40/50 | loss=62.3909 task=61.5259 domain=0.8649 alpha=0.999 | MAE=59.20 RMSE=291.94
[[97mINFO[0m] [[96m__main__[0m] Epoch  41/50 | loss=64.0719 task=63.2198 domain=0.8521 alpha=0.999 | MAE=60.27 RMSE=330.82
[[97mINFO[0m] [[96m__main__[0m] Epoch  42/50 | loss=63.8781 task=63.0249 domain=0.8532 alpha=1.000 | MAE=58.21 RMSE=308.25
[[97mINFO[0m] [[96m__main__[0m] Epoch  43/50 | loss=59.5912 task=58.7253 domain=0.8659 alpha=1.000 | MAE=66.39 RMSE=335.46
[[97mINFO[0m] [[96m__main__[0m] Epoch  44/50 | loss=60.2750 task=59.3967 domain=0.8782 alpha=1.000 | MAE=59.14 RMSE=271.74
[[97mINFO[0m] [[96m__main__[0m] Epoch  45/50 | loss=59.1110 task=58.2281 domain=0.8829 alpha=1.000 | MAE=58.20 RMSE=262.31
[[97mINFO[0m] [[96m__main__[0m] Epoch  46/50 | loss=61.5126 task=60.6081 domain=0.9045 alpha=1.000 | MAE=65.83 RMSE=347.00
[[97mINFO[0m] [[96m__main__[0m] Epoch  47/50 | loss=59.8780 task=58.9776 domain=0.9004 alpha=1.000 | MAE=65.13 RMSE=296.98
[[97mINFO[0m] [[96m__main__[0m] Epoch  48/50 | loss=60.8260 task=59.9111 domain=0.9149 alpha=1.000 | MAE=53.96 RMSE=231.92
[[92mSUCCESS[0m] [[96m__main__[0m] [92m Saved best model [90mMAE=53.96[0m[0m
[[97mINFO[0m] [[96m__main__[0m] Epoch  49/50 | loss=62.2092 task=61.2789 domain=0.9303 alpha=1.000 | MAE=57.22 RMSE=247.39
[[97mINFO[0m] [[96m__main__[0m] Epoch  50/50 | loss=59.1157 task=58.1896 domain=0.9261 alpha=1.000 | MAE=55.19 RMSE=257.07
[[92mSUCCESS[0m] [[96m__main__[0m] [92m Training done. Best MAE: 53.96[0m
[[97mINFO[0m] [[96m__main__[0m] Weights saved to results/dann/2026-04-28_19-41-33/
DANN training completed.

------------------------------------------------------------
Sender: LSF System <lsfadmin@hpc.dtu.dk>
Subject: Job 28314574: <dann_train> in cluster <dcc> Done

Job <dann_train> was submitted from host <hpclogin1> by user <s225224> in cluster <dcc> at Tue Apr 28 14:52:31 2026
Job was executed on host(s) <4*n-62-18-4>, in queue <gpua40>, as user <s225224> in cluster <dcc> at Tue Apr 28 19:40:34 2026
</zhome/77/2/187952> was used as the home directory.
</zhome/77/2/187952/projects/multi-resolution-crowd-counting> was used as the working directory.
Started at Tue Apr 28 19:40:34 2026
Terminated at Wed Apr 29 03:12:56 2026
Results reported at Wed Apr 29 03:12:56 2026

Your job looked like:

------------------------------------------------------------
# LSBATCH: User input
#!/bin/bash
#BSUB -q gpua40
#BSUB -W 24:00
#BSUB -J dann_train
#BSUB -o jobs/logs/dann_%J.out
#BSUB -e jobs/logs/dann_%J.err
#BSUB -n 4
#BSUB -R "rusage[mem=32GB]"
#BSUB -R "span[hosts=1]"
#BSUB -gpu "num=1:mode=exclusive_process"

set -euo pipefail

DEVICE="cuda:0"

uv sync

mkdir -p results/dann
mkdir -p jobs/logs

echo "============================================================"
echo "DANN resolution-adversarial training of CLIP-EBC (ViT-B/16)"
echo "============================================================"

uv run python entrypoints/train_dann.py \
    --device "${DEVICE}" \
    --epochs 50 \
    --batch_size 8 \
    --lr 1e-5 \
    --lr_disc 1e-4 \
    --dann_weight 1.0 \
    --down_scales 2 4 8 \
    --hidden_dim 256 \
    --dropout 0.5 \
    --num_workers 4 \
    --eval_limit 500

echo "DANN training completed."

------------------------------------------------------------

Successfully completed.

Resource usage summary:

    CPU time :                                   39982.00 sec.
    Max Memory :                                 3438 MB
    Average Memory :                             2246.16 MB
    Total Requested Memory :                     131072.00 MB
    Delta Memory :                               127634.00 MB
    Max Swap :                                   -
    Max Processes :                              9
    Max Threads :                                31
    Run time :                                   27142 sec.
    Turnaround time :                            44425 sec.

The output (if any) is above this job summary.



PS:

Read file <jobs/logs/dann_28314574.err> for stderr output of this job.

