============================================================
DANN v2 — LR domain: 2x only
============================================================
[[97mINFO[0m] [[96m__main__[0m] Using device: cuda:0
Missing keys: []
Unexpected keys: ['proj']
All keys matched successfully.
Initialized model with text prompts: ['There is no person.', 'There is one person.', 'There are two people.', 'There are three people.', 'There are more than four people.']
[[97mINFO[0m] [[96msrc.models.clip_ebc[0m] Loaded pretrained weights from /dtu/blackhole/0a/224426/best_mae.pth
[[97mINFO[0m] [[96m__main__[0m] Training on 3109 paired images, 389 batches/epoch
[[97mINFO[0m] [[96m__main__[0m] LR scales: [2] (tag: 2x)
[[97mINFO[0m] [[96m__main__[0m] DANN config: dann_weight=1.0
[[97mINFO[0m] [[96m__main__[0m] Discriminator: hidden_dim=256, dropout=0.5, lr=0.0001
[[97mINFO[0m] [[96m__main__[0m] Run directory: /work3/s225224/multi-resolution-crowd-counting/checkpoints/dann/2026-04-30_15-37-06
[[97mINFO[0m] [[96m__main__[0m] Epoch   1/50 | loss=57.1052 task=55.7188 domain=1.3864 alpha=0.100 | MAE=50.77 RMSE=237.90
[[92mSUCCESS[0m] [[96m__main__[0m] [92m Saved best model [90mMAE=50.77[0m[0m
[[97mINFO[0m] [[96m__main__[0m] Epoch   2/50 | loss=53.8638 task=52.4772 domain=1.3865 alpha=0.197 | MAE=48.88 RMSE=233.81
[[92mSUCCESS[0m] [[96m__main__[0m] [92m Saved best model [90mMAE=48.88[0m[0m
[[97mINFO[0m] [[96m__main__[0m] Epoch   3/50 | loss=55.9510 task=54.5642 domain=1.3868 alpha=0.291 | MAE=51.60 RMSE=266.04
[[97mINFO[0m] [[96m__main__[0m] Epoch   4/50 | loss=55.1627 task=53.7767 domain=1.3860 alpha=0.380 | MAE=54.21 RMSE=275.04
[[97mINFO[0m] [[96m__main__[0m] Epoch   5/50 | loss=56.6647 task=55.2784 domain=1.3863 alpha=0.462 | MAE=50.33 RMSE=259.31
[[97mINFO[0m] [[96m__main__[0m] Epoch   6/50 | loss=55.0221 task=53.6353 domain=1.3869 alpha=0.537 | MAE=52.60 RMSE=301.78
[[97mINFO[0m] [[96m__main__[0m] Epoch   7/50 | loss=54.3576 task=52.9714 domain=1.3862 alpha=0.604 | MAE=49.87 RMSE=245.76
[[97mINFO[0m] [[96m__main__[0m] Epoch   8/50 | loss=55.0513 task=53.6639 domain=1.3874 alpha=0.664 | MAE=49.12 RMSE=226.98
[[97mINFO[0m] [[96m__main__[0m] Epoch   9/50 | loss=56.4795 task=55.0935 domain=1.3860 alpha=0.716 | MAE=48.94 RMSE=235.10
[[97mINFO[0m] [[96m__main__[0m] Epoch  10/50 | loss=57.3966 task=56.0102 domain=1.3864 alpha=0.762 | MAE=50.16 RMSE=242.18
[[97mINFO[0m] [[96m__main__[0m] Epoch  11/50 | loss=55.7821 task=54.3959 domain=1.3862 alpha=0.800 | MAE=53.16 RMSE=262.05
[[97mINFO[0m] [[96m__main__[0m] Epoch  12/50 | loss=57.7315 task=56.3455 domain=1.3860 alpha=0.834 | MAE=51.53 RMSE=278.08
[[97mINFO[0m] [[96m__main__[0m] Epoch  13/50 | loss=53.9805 task=52.5936 domain=1.3869 alpha=0.862 | MAE=52.58 RMSE=245.14
[[97mINFO[0m] [[96m__main__[0m] Epoch  14/50 | loss=57.1991 task=55.8120 domain=1.3870 alpha=0.885 | MAE=53.51 RMSE=290.63
[[97mINFO[0m] [[96m__main__[0m] Epoch  15/50 | loss=54.8014 task=53.4150 domain=1.3864 alpha=0.905 | MAE=57.47 RMSE=331.96
[[97mINFO[0m] [[96m__main__[0m] Epoch  16/50 | loss=57.2343 task=55.8488 domain=1.3855 alpha=0.922 | MAE=55.42 RMSE=278.84
[[97mINFO[0m] [[96m__main__[0m] Epoch  17/50 | loss=57.6416 task=56.2551 domain=1.3864 alpha=0.935 | MAE=56.14 RMSE=313.67
[[97mINFO[0m] [[96m__main__[0m] Epoch  18/50 | loss=54.4637 task=53.0777 domain=1.3861 alpha=0.947 | MAE=54.73 RMSE=320.72
[[97mINFO[0m] [[96m__main__[0m] Epoch  19/50 | loss=57.6878 task=56.3014 domain=1.3864 alpha=0.956 | MAE=53.01 RMSE=273.64
[[97mINFO[0m] [[96m__main__[0m] Epoch  20/50 | loss=54.7246 task=53.3388 domain=1.3859 alpha=0.964 | MAE=49.90 RMSE=221.11
[[97mINFO[0m] [[96m__main__[0m] Epoch  21/50 | loss=57.8185 task=56.4327 domain=1.3858 alpha=0.970 | MAE=51.16 RMSE=253.31
[[97mINFO[0m] [[96m__main__[0m] Epoch  22/50 | loss=54.2936 task=52.9075 domain=1.3861 alpha=0.976 | MAE=50.96 RMSE=231.60
[[97mINFO[0m] [[96m__main__[0m] Epoch  23/50 | loss=56.5896 task=55.2044 domain=1.3852 alpha=0.980 | MAE=50.17 RMSE=238.34
[[97mINFO[0m] [[96m__main__[0m] Epoch  24/50 | loss=54.6100 task=53.2243 domain=1.3857 alpha=0.984 | MAE=48.32 RMSE=208.66
[[92mSUCCESS[0m] [[96m__main__[0m] [92m Saved best model [90mMAE=48.32[0m[0m
[[97mINFO[0m] [[96m__main__[0m] Epoch  25/50 | loss=55.4839 task=54.0993 domain=1.3847 alpha=0.987 | MAE=52.00 RMSE=240.31
[[97mINFO[0m] [[96m__main__[0m] Epoch  26/50 | loss=55.8679 task=54.4832 domain=1.3847 alpha=0.989 | MAE=52.08 RMSE=245.37
[[97mINFO[0m] [[96m__main__[0m] Epoch  27/50 | loss=54.6145 task=53.2298 domain=1.3846 alpha=0.991 | MAE=51.68 RMSE=247.98
[[97mINFO[0m] [[96m__main__[0m] Epoch  28/50 | loss=56.4824 task=55.0990 domain=1.3835 alpha=0.993 | MAE=55.08 RMSE=298.60
[[97mINFO[0m] [[96m__main__[0m] Epoch  29/50 | loss=52.3395 task=50.9549 domain=1.3846 alpha=0.994 | MAE=55.42 RMSE=296.55
[[97mINFO[0m] [[96m__main__[0m] Epoch  30/50 | loss=56.7888 task=55.4054 domain=1.3835 alpha=0.995 | MAE=55.25 RMSE=310.11
[[97mINFO[0m] [[96m__main__[0m] Epoch  31/50 | loss=55.6028 task=54.2202 domain=1.3826 alpha=0.996 | MAE=52.22 RMSE=249.70
[[97mINFO[0m] [[96m__main__[0m] Epoch  32/50 | loss=55.2460 task=53.8620 domain=1.3840 alpha=0.997 | MAE=55.01 RMSE=270.07
[[97mINFO[0m] [[96m__main__[0m] Epoch  33/50 | loss=54.6487 task=53.2665 domain=1.3822 alpha=0.997 | MAE=52.34 RMSE=254.13
[[97mINFO[0m] [[96m__main__[0m] Epoch  34/50 | loss=54.7928 task=53.4097 domain=1.3831 alpha=0.998 | MAE=52.64 RMSE=264.14
[[97mINFO[0m] [[96m__main__[0m] Epoch  35/50 | loss=53.5779 task=52.1974 domain=1.3805 alpha=0.998 | MAE=50.12 RMSE=252.53
[[97mINFO[0m] [[96m__main__[0m] Epoch  36/50 | loss=54.6925 task=53.3130 domain=1.3795 alpha=0.999 | MAE=53.60 RMSE=282.80
[[97mINFO[0m] [[96m__main__[0m] Epoch  37/50 | loss=56.0597 task=54.6818 domain=1.3779 alpha=0.999 | MAE=53.74 RMSE=300.95
[[97mINFO[0m] [[96m__main__[0m] Epoch  38/50 | loss=53.1870 task=51.8091 domain=1.3779 alpha=0.999 | MAE=51.07 RMSE=230.41
[[97mINFO[0m] [[96m__main__[0m] Epoch  39/50 | loss=54.9000 task=53.5204 domain=1.3797 alpha=0.999 | MAE=51.28 RMSE=221.16
[[97mINFO[0m] [[96m__main__[0m] Epoch  40/50 | loss=56.8498 task=55.4722 domain=1.3775 alpha=0.999 | MAE=52.74 RMSE=248.24
[[97mINFO[0m] [[96m__main__[0m] Epoch  41/50 | loss=53.8948 task=52.5183 domain=1.3766 alpha=0.999 | MAE=54.10 RMSE=267.79
[[97mINFO[0m] [[96m__main__[0m] Epoch  42/50 | loss=53.7599 task=52.3853 domain=1.3746 alpha=1.000 | MAE=53.58 RMSE=294.02
[[97mINFO[0m] [[96m__main__[0m] Epoch  43/50 | loss=55.4377 task=54.0657 domain=1.3720 alpha=1.000 | MAE=55.66 RMSE=252.34
[[97mINFO[0m] [[96m__main__[0m] Epoch  44/50 | loss=56.7231 task=55.3513 domain=1.3718 alpha=1.000 | MAE=54.12 RMSE=270.00
[[97mINFO[0m] [[96m__main__[0m] Epoch  45/50 | loss=52.8428 task=51.4720 domain=1.3707 alpha=1.000 | MAE=51.35 RMSE=247.67
[[97mINFO[0m] [[96m__main__[0m] Epoch  46/50 | loss=53.1936 task=51.8283 domain=1.3653 alpha=1.000 | MAE=51.99 RMSE=248.36
[[97mINFO[0m] [[96m__main__[0m] Epoch  47/50 | loss=55.2507 task=53.8889 domain=1.3618 alpha=1.000 | MAE=50.70 RMSE=222.52
[[97mINFO[0m] [[96m__main__[0m] Epoch  48/50 | loss=54.7141 task=53.3557 domain=1.3584 alpha=1.000 | MAE=50.27 RMSE=226.53
[[97mINFO[0m] [[96m__main__[0m] Epoch  49/50 | loss=54.7957 task=53.4315 domain=1.3642 alpha=1.000 | MAE=54.65 RMSE=311.43
[[97mINFO[0m] [[96m__main__[0m] Epoch  50/50 | loss=51.5362 task=50.1809 domain=1.3554 alpha=1.000 | MAE=52.11 RMSE=257.87
[[92mSUCCESS[0m] [[96m__main__[0m] [92m Training done. Best MAE: 48.32[0m
[[97mINFO[0m] [[96m__main__[0m] Weights saved to /work3/s225224/multi-resolution-crowd-counting/checkpoints/dann/2026-04-30_15-37-06/
Done.

------------------------------------------------------------
Sender: LSF System <lsfadmin@hpc.dtu.dk>
Subject: Job 28330346: <dann_v2_2x> in cluster <dcc> Done

Job <dann_v2_2x> was submitted from host <n-62-20-9> by user <s225224> in cluster <dcc> at Thu Apr 30 15:35:21 2026
Job was executed on host(s) <4*n-62-13-17>, in queue <gpul40s>, as user <s225224> in cluster <dcc> at Thu Apr 30 15:35:30 2026
</zhome/77/2/187952> was used as the home directory.
</zhome/77/2/187952/projects/multi-resolution-crowd-counting> was used as the working directory.
Started at Thu Apr 30 15:35:30 2026
Terminated at Thu Apr 30 20:56:28 2026
Results reported at Thu Apr 30 20:56:28 2026

Your job looked like:

------------------------------------------------------------
# LSBATCH: User input
#!/bin/bash
#BSUB -q gpua100
#BSUB -W 24:00
#BSUB -J dann_v2_2x
#BSUB -o jobs/logs/dann_v2_2x_%J.out
#BSUB -e jobs/logs/dann_v2_2x_%J.err
#BSUB -n 4
#BSUB -R "rusage[mem=32GB]"
#BSUB -R "span[hosts=1]"
#BSUB -gpu "num=1:mode=exclusive_process"

set -euo pipefail
uv sync
mkdir -p jobs/logs

echo "============================================================"
echo "DANN v2 — LR domain: 2x only"
echo "============================================================"

uv run python entrypoints/train_dann_v2.py \
    --device cuda:0 \
    --epochs 50 \
    --batch_size 8 \
    --lr 1e-5 \
    --lr_disc 1e-4 \
    --dann_weight 1.0 \
    --lr_scales 2 \
    --hidden_dim 256 \
    --dropout 0.5 \
    --num_workers 4 \
    --eval_limit 500

echo "Done."

------------------------------------------------------------

Successfully completed.

Resource usage summary:

    CPU time :                                   37383.00 sec.
    Max Memory :                                 3918 MB
    Average Memory :                             2228.92 MB
    Total Requested Memory :                     131072.00 MB
    Delta Memory :                               127154.00 MB
    Max Swap :                                   -
    Max Processes :                              9
    Max Threads :                                31
    Run time :                                   19258 sec.
    Turnaround time :                            19267 sec.

The output (if any) is above this job summary.



PS:

Read file <jobs/logs/dann_v2_2x_28330346.err> for stderr output of this job.

