Using device: cuda:0
Missing keys: []
Unexpected keys: ['proj']
All keys matched successfully.
Initialized model with text prompts: ['There is no person.', 'There is one person.', 'There are two people.', 'There are three people.', 'There are more than four people.']
Loaded weights from /dtu/blackhole/0a/224426/best_mae.pth
Training on 3109 images, 389 batches/epoch

------------------------------------------------------------
Sender: LSF System <lsfadmin@hpc.dtu.dk>
Subject: Job 28337542: <random> in cluster <dcc> Exited

Job <random> was submitted from host <n-62-12-19> by user <s260377> in cluster <dcc> at Sat May  2 14:21:57 2026
Job was executed on host(s) <4*n-62-12-21>, in queue <gpua100>, as user <s260377> in cluster <dcc> at Sat May  2 15:07:11 2026
</zhome/21/f/229477> was used as the home directory.
</zhome/21/f/229477/my_dir/multi-resolution-crowd-counting> was used as the working directory.
Started at Sat May  2 15:07:11 2026
Terminated at Sat May  2 15:11:05 2026
Results reported at Sat May  2 15:11:05 2026

Your job looked like:

------------------------------------------------------------
# LSBATCH: User input
#!/bin/bash
#BSUB -q gpua100
#BSUB -W 4:00
#BSUB -J random
#BSUB -o jobs/logs/random_%J.out
#BSUB -e jobs/logs/random_%J.err
#BSUB -n 4
#BSUB -R "rusage[mem=32GB]"
#BSUB -R "span[hosts=1]"
#BSUB -gpu "num=1:mode=exclusive_process"

#For bash submission:
#gpua100 - A100 nodes (4x 40GB + 6x 80GB models) - Best for your work
#gpuv100 - V100 nodes (various configs: 16GB, 32GB, some with NVlink)
#gpul40s - L40s nodes (6 nodes, 48GB each) - Newer option
#gpua40 - A40 node (1 node, 48GB with NVlink)
#gpua10 - A10 node (1 node, 24GB)
#gpuamd - AMD Radeon nodes (if you need AMD)

set -euo pipefail

#LOG_DIR="logs"
#mkdir -p "$LOG_DIR"
#
#OUT_LOG="$LOG_DIR/output.log"
#ERR_LOG="$LOG_DIR/error.log"
#
#exec > >(tee -a "$OUT_LOG") \
#     2> >(tee -a "$ERR_LOG" >&2)

uv sync



DEVICE="cuda:0"

METHOD="/dtu/blackhole/0a/224426/NWPU_downscaled/random/"

#uv run python entrypoints/downscale_nwpu.py \
#    --method "mix"

uv run python entrypoints/train_finetune_res_aug.py \
    --device "$DEVICE" \
    --epochs 50 \
    --batch_size 8 \
    --lr 1e-5 \
    --num_workers 4 \
    --path "$METHOD"

uv run python entrypoints/eval_zoom_pairs.py \

(... more ...)
------------------------------------------------------------

Exited with exit code 1.

Resource usage summary:

    CPU time :                                   234.00 sec.
    Max Memory :                                 2139 MB
    Average Memory :                             1640.00 MB
    Total Requested Memory :                     131072.00 MB
    Delta Memory :                               128933.00 MB
    Max Swap :                                   -
    Max Processes :                              5
    Max Threads :                                14
    Run time :                                   234 sec.
    Turnaround time :                            2948 sec.

The output (if any) is above this job summary.



PS:

Read file <jobs/logs/random_28337542.err> for stderr output of this job.

